<?xml version="1.0" encoding="UTF-8"?>
<!-- Generated by org.testng.reporters.JUnitXMLReporter -->
<testsuite ignored="0" hostname="CFLNAVALUR4694" failures="0" tests="3" name="LoginTests" time="1.237" errors="0" timestamp="2025-05-24T17:09:14 IST">
  <testcase classname="com.testScripts.LoginTests" name="verifyTitle" time="0.024"/>
  <testcase classname="com.testScripts.LoginTests" name="loginValid" time="0.543"/>
  <testcase classname="com.testScripts.LoginTests" name="loginInvalid" time="0.451"/>
</testsuite> <!-- LoginTests -->
