<?xml version="1.0" encoding="UTF-8"?>
<testng-results ignored="0" total="3" passed="3" failed="0" skipped="0">
  <reporter-output>
  </reporter-output>
  <suite started-at="2025-05-24T17:09:13 IST" name="SauceDemoSuite" finished-at="2025-05-24T17:09:14 IST" duration-ms="1237">
    <groups>
    </groups>
    <test started-at="2025-05-24T17:09:13 IST" name="LoginTests" finished-at="2025-05-24T17:09:14 IST" duration-ms="1237">
      <class name="com.testScripts.LoginTests">
        <test-method is-config="true" signature="setup()[pri:0, instance:com.testScripts.LoginTests@4b45a2f5]" started-at="2025-05-24T17:09:08 IST" name="setup" finished-at="2025-05-24T17:09:13 IST" duration-ms="4892" status="PASS">
          <reporter-output>
          </reporter-output>
        </test-method> <!-- setup -->
        <test-method signature="verifyTitle()[pri:1, instance:com.testScripts.LoginTests@4b45a2f5]" started-at="2025-05-24T17:09:13 IST" name="verifyTitle" finished-at="2025-05-24T17:09:13 IST" duration-ms="24" status="PASS">
          <reporter-output>
          </reporter-output>
        </test-method> <!-- verifyTitle -->
        <test-method is-config="true" signature="cleanup()[pri:0, instance:com.testScripts.LoginTests@4b45a2f5]" started-at="2025-05-24T17:09:13 IST" name="cleanup" finished-at="2025-05-24T17:09:13 IST" duration-ms="72" status="PASS">
          <reporter-output>
          </reporter-output>
        </test-method> <!-- cleanup -->
        <test-method signature="loginValid(java.lang.String,java.lang.String)[pri:2, instance:com.testScripts.LoginTests@4b45a2f5]" started-at="2025-05-24T17:09:13 IST" name="loginValid" finished-at="2025-05-24T17:09:13 IST" duration-ms="543" status="PASS">
          <params>
            <param index="0">
              <value>
                <![CDATA[standard_user]]>
              </value>
            </param>
            <param index="1">
              <value>
                <![CDATA[secret_sauce]]>
              </value>
            </param>
          </params>
          <reporter-output>
          </reporter-output>
        </test-method> <!-- loginValid -->
        <test-method is-config="true" signature="cleanup()[pri:0, instance:com.testScripts.LoginTests@4b45a2f5]" started-at="2025-05-24T17:09:13 IST" name="cleanup" finished-at="2025-05-24T17:09:13 IST" duration-ms="34" status="PASS">
          <reporter-output>
          </reporter-output>
        </test-method> <!-- cleanup -->
        <test-method signature="loginInvalid(java.lang.String,java.lang.String)[pri:3, instance:com.testScripts.LoginTests@4b45a2f5]" started-at="2025-05-24T17:09:13 IST" name="loginInvalid" finished-at="2025-05-24T17:09:14 IST" duration-ms="451" status="PASS">
          <params>
            <param index="0">
              <value>
                <![CDATA[standard_Invaliduser]]>
              </value>
            </param>
            <param index="1">
              <value>
                <![CDATA[secret_Invalidpwd]]>
              </value>
            </param>
          </params>
          <reporter-output>
          </reporter-output>
        </test-method> <!-- loginInvalid -->
        <test-method is-config="true" signature="cleanup()[pri:0, instance:com.testScripts.LoginTests@4b45a2f5]" started-at="2025-05-24T17:09:14 IST" name="cleanup" finished-at="2025-05-24T17:09:14 IST" duration-ms="67" status="PASS">
          <reporter-output>
          </reporter-output>
        </test-method> <!-- cleanup -->
        <test-method is-config="true" signature="tearDown()[pri:0, instance:com.testScripts.LoginTests@4b45a2f5]" started-at="2025-05-24T17:09:14 IST" name="tearDown" finished-at="2025-05-24T17:09:15 IST" duration-ms="1448" status="PASS">
          <reporter-output>
          </reporter-output>
        </test-method> <!-- tearDown -->
      </class> <!-- com.testScripts.LoginTests -->
    </test> <!-- LoginTests -->
  </suite> <!-- SauceDemoSuite -->
</testng-results>
